[2025-06-08 10:50:50] Starting docker services management script
[2025-06-08 10:50:50] [0;34m[DRY RUN] Checking environment...[0m
[2025-06-08 10:50:50] [0;34m[DRY RUN] Found: /home/cosmin/harfoots/.env[0m
[2025-06-08 10:50:50] [0;34m[DRY RUN] Found: /home/cosmin/harfoots/docker-compose[0m
[2025-06-08 10:50:50] [0;34m[DRY RUN] Found compose files:[0m
[2025-06-08 10:50:50] [0;34m[DRY RUN]   - /home/cosmin/harfoots/docker-compose/sonarr/compose.yaml[0m
[2025-06-08 10:50:50] [0;34m[DRY RUN]   - /home/cosmin/harfoots/docker-compose/emby/compose.yaml[0m
[2025-06-08 10:50:50] [0;34m[DRY RUN]   - /home/cosmin/harfoots/docker-compose/portainer/compose.yaml[0m
[2025-06-08 10:50:50] [0;34m[DRY RUN]   - /home/cosmin/harfoots/docker-compose/jellyseer/compose.yaml[0m
[2025-06-08 10:50:50] [0;34m[DRY RUN]   - /home/cosmin/harfoots/docker-compose/filebrowser/compose.yaml[0m
[2025-06-08 10:50:50] [0;34m[DRY RUN]   - /home/cosmin/harfoots/docker-compose/adguard-home/compose.yaml[0m
[2025-06-08 10:50:50] [0;34m[DRY RUN]   - /home/cosmin/harfoots/docker-compose/qbittorrent/compose.yaml[0m
[2025-06-08 10:50:50] [0;34m[DRY RUN]   - /home/cosmin/harfoots/docker-compose/jackett/compose.yaml[0m
[2025-06-08 10:50:50] [0;34m[DRY RUN]   - /home/cosmin/harfoots/docker-compose/glance/compose.yaml[0m
[2025-06-08 10:50:50] [0;34m[DRY RUN]   - /home/cosmin/harfoots/docker-compose/watchtower/compose.yaml[0m
[2025-06-08 10:50:50] [0;34m[DRY RUN]   - /home/cosmin/harfoots/docker-compose/nginx-proxy-manager/compose.yaml[0m
[2025-06-08 10:50:50] [0;34m[DRY RUN]   - /home/cosmin/harfoots/docker-compose/cloudflared-web/compose.yaml[0m
[2025-06-08 10:50:50] [0;34m[DRY RUN]   - /home/cosmin/harfoots/docker-compose/radarr/compose.yaml[0m
[2025-06-08 10:50:50] [0;34m[DRY RUN]   - /home/cosmin/harfoots/docker-compose/watchstate/compose.yaml[0m
[2025-06-08 10:50:50] [0;34m[DRY RUN] Dry run completed. No changes were made.[0m
